  [1m[36m (1.2ms)[0m  [1mCREATE TABLE "schema_migrations" ("version" varchar NOT NULL) [0m
  [1m[35m (0.1ms)[0m  select sqlite_version(*)
  [1m[36m (1.0ms)[0m  [1mCREATE UNIQUE INDEX "unique_schema_migrations" ON "schema_migrations" ("version")[0m
  [1m[35mActiveRecord::SchemaMigration Load (0.1ms)[0m  SELECT "schema_migrations".* FROM "schema_migrations"
Migrating to CreateUserDb (20150722164212)
  [1m[36m (0.1ms)[0m  [1mbegin transaction[0m
  [1m[35m (0.7ms)[0m  CREATE TABLE "users" ("id" INTEGER PRIMARY KEY AUTOINCREMENT NOT NULL, "first_name" varchar, "last_name" varchar, "email" varchar) 
  [1m[36mSQL (0.3ms)[0m  [1mINSERT INTO "schema_migrations" ("version") VALUES (?)[0m  [["version", "20150722164212"]]
  [1m[35m (1.1ms)[0m  commit transaction
Migrating to CreateTask (20150722170712)
  [1m[36m (0.1ms)[0m  [1mbegin transaction[0m
  [1m[35m (0.5ms)[0m  CREATE TABLE "task" ("id" INTEGER PRIMARY KEY AUTOINCREMENT NOT NULL, "field" varchar, "status" boolean, "user_id" varchar) 
  [1m[36mSQL (0.2ms)[0m  [1mINSERT INTO "schema_migrations" ("version") VALUES (?)[0m  [["version", "20150722170712"]]
  [1m[35m (1.0ms)[0m  commit transaction
Migrating to CreateInstntMessage (20150722171239)
  [1m[36m (0.1ms)[0m  [1mbegin transaction[0m
  [1m[35m (0.5ms)[0m  CREATE TABLE "instante_message" ("id" INTEGER PRIMARY KEY AUTOINCREMENT NOT NULL, "text" varchar, "user_id_sent" varchar, "user_id_received" varchar, "group_id" varchar, "time" datetime) 
  [1m[36mSQL (0.2ms)[0m  [1mINSERT INTO "schema_migrations" ("version") VALUES (?)[0m  [["version", "20150722171239"]]
  [1m[35m (1.0ms)[0m  commit transaction
Migrating to Creategroup (20150722193931)
  [1m[36m (0.1ms)[0m  [1mbegin transaction[0m
  [1m[35m (0.4ms)[0m  CREATE TABLE "group" ("id" INTEGER PRIMARY KEY AUTOINCREMENT NOT NULL, "name" varchar, "description" varchar, "user" varchar) 
  [1m[36mSQL (0.2ms)[0m  [1mINSERT INTO "schema_migrations" ("version") VALUES (?)[0m  [["version", "20150722193931"]]
  [1m[35m (1.0ms)[0m  commit transaction
Migrating to CreateUserGroup (20150722195108)
  [1m[36m (0.1ms)[0m  [1mbegin transaction[0m
  [1m[35m (0.5ms)[0m  CREATE TABLE "user_group" ("id" INTEGER PRIMARY KEY AUTOINCREMENT NOT NULL, "group_id" varchar, "user_id" varchar) 
  [1m[36mSQL (0.2ms)[0m  [1mINSERT INTO "schema_migrations" ("version") VALUES (?)[0m  [["version", "20150722195108"]]
  [1m[35m (1.0ms)[0m  commit transaction
Migrating to RenameGroupToGroups (20150723112413)
  [1m[36m (0.1ms)[0m  [1mbegin transaction[0m
  [1m[35m (0.7ms)[0m  ALTER TABLE "group" RENAME TO "groups"
  [1m[36m (0.3ms)[0m  [1mALTER TABLE "task" RENAME TO "tasks"[0m
  [1m[35m (0.2ms)[0m  ALTER TABLE "user_group" RENAME TO "user_groups"
  [1m[36m (0.2ms)[0m  [1mALTER TABLE "instante_message" RENAME TO "instante_messages"[0m
  [1m[35mSQL (0.2ms)[0m  INSERT INTO "schema_migrations" ("version") VALUES (?)  [["version", "20150723112413"]]
  [1m[36m (1.0ms)[0m  [1mcommit transaction[0m
Migrating to UpdateInstant (20150724095259)
  [1m[35m (0.4ms)[0m  begin transaction
  [1m[36m (0.6ms)[0m  [1mALTER TABLE "instante_messages" RENAME TO "instant_messages"[0m
  [1m[35mSQL (0.2ms)[0m  INSERT INTO "schema_migrations" ("version") VALUES (?)  [["version", "20150724095259"]]
  [1m[36m (1.0ms)[0m  [1mcommit transaction[0m
Migrating to AddProject (20150728142550)
  [1m[35m (0.1ms)[0m  begin transaction
  [1m[36m (0.8ms)[0m  [1mCREATE TABLE "projects" ("id" INTEGER PRIMARY KEY AUTOINCREMENT NOT NULL, "name" varchar, "description" varchar) [0m
  [1m[35mSQL (0.3ms)[0m  INSERT INTO "schema_migrations" ("version") VALUES (?)  [["version", "20150728142550"]]
  [1m[36m (1.2ms)[0m  [1mcommit transaction[0m
Migrating to AddcolumnprojectId (20150729090311)
  [1m[35m (0.1ms)[0m  begin transaction
  [1m[36m (0.7ms)[0m  [1mCREATE TEMPORARY TABLE "agroups" ("id" INTEGER PRIMARY KEY AUTOINCREMENT NOT NULL, "name" varchar, "description" varchar, "user" varchar) [0m
  [1m[35m (0.1ms)[0m  SELECT * FROM "groups"
  [1m[36m (0.4ms)[0m  [1mDROP TABLE "groups"[0m
  [1m[35m (0.2ms)[0m  CREATE TABLE "groups" ("id" INTEGER PRIMARY KEY AUTOINCREMENT NOT NULL, "name" varchar, "description" varchar) 
  [1m[36m (0.1ms)[0m  [1mSELECT * FROM "agroups"[0m
  [1m[35m (0.4ms)[0m  DROP TABLE "agroups"
  [1m[36m (0.2ms)[0m  [1mALTER TABLE "groups" ADD "project_id" integer[0m
  [1m[35mSQL (0.2ms)[0m  INSERT INTO "schema_migrations" ("version") VALUES (?)  [["version", "20150729090311"]]
  [1m[36m (1.5ms)[0m  [1mcommit transaction[0m
Migrating to AddColumnsIntegerIds (20150729101359)
  [1m[35m (0.1ms)[0m  begin transaction
  [1m[36m (0.3ms)[0m  [1mCREATE TEMPORARY TABLE "ainstant_messages" ("id" INTEGER PRIMARY KEY AUTOINCREMENT NOT NULL, "text" varchar, "user_id_sent" varchar, "user_id_received" varchar, "group_id" varchar, "time" datetime) [0m
  [1m[35m (0.1ms)[0m  SELECT * FROM "instant_messages"
  [1m[36m (0.3ms)[0m  [1mDROP TABLE "instant_messages"[0m
  [1m[35m (0.2ms)[0m  CREATE TABLE "instant_messages" ("id" INTEGER PRIMARY KEY AUTOINCREMENT NOT NULL, "text" varchar, "user_id_received" varchar, "group_id" varchar, "time" datetime) 
  [1m[36m (0.1ms)[0m  [1mSELECT * FROM "ainstant_messages"[0m
  [1m[35m (0.2ms)[0m  DROP TABLE "ainstant_messages"
  [1m[36m (0.2ms)[0m  [1mCREATE TEMPORARY TABLE "ainstant_messages" ("id" INTEGER PRIMARY KEY AUTOINCREMENT NOT NULL, "text" varchar, "user_id_received" varchar, "group_id" varchar, "time" datetime) [0m
  [1m[35m (0.1ms)[0m  SELECT * FROM "instant_messages"
  [1m[36m (0.4ms)[0m  [1mDROP TABLE "instant_messages"[0m
  [1m[35m (0.2ms)[0m  CREATE TABLE "instant_messages" ("id" INTEGER PRIMARY KEY AUTOINCREMENT NOT NULL, "text" varchar, "group_id" varchar, "time" datetime) 
  [1m[36m (0.1ms)[0m  [1mSELECT * FROM "ainstant_messages"[0m
  [1m[35m (0.2ms)[0m  DROP TABLE "ainstant_messages"
  [1m[36m (0.2ms)[0m  [1mCREATE TEMPORARY TABLE "ainstant_messages" ("id" INTEGER PRIMARY KEY AUTOINCREMENT NOT NULL, "text" varchar, "group_id" varchar, "time" datetime) [0m
  [1m[35m (0.1ms)[0m  SELECT * FROM "instant_messages"
  [1m[36m (0.1ms)[0m  [1mDROP TABLE "instant_messages"[0m
  [1m[35m (0.2ms)[0m  CREATE TABLE "instant_messages" ("id" INTEGER PRIMARY KEY AUTOINCREMENT NOT NULL, "text" varchar, "time" datetime) 
  [1m[36m (0.1ms)[0m  [1mSELECT * FROM "ainstant_messages"[0m
  [1m[35m (0.1ms)[0m  DROP TABLE "ainstant_messages"
  [1m[36m (0.2ms)[0m  [1mCREATE TEMPORARY TABLE "atasks" ("id" INTEGER PRIMARY KEY AUTOINCREMENT NOT NULL, "field" varchar, "status" boolean, "user_id" varchar) [0m
  [1m[35m (0.1ms)[0m  SELECT * FROM "tasks"
  [1m[36m (0.2ms)[0m  [1mDROP TABLE "tasks"[0m
  [1m[35m (0.1ms)[0m  CREATE TABLE "tasks" ("id" INTEGER PRIMARY KEY AUTOINCREMENT NOT NULL, "field" varchar, "status" boolean) 
  [1m[36m (0.1ms)[0m  [1mSELECT * FROM "atasks"[0m
  [1m[35m (0.1ms)[0m  DROP TABLE "atasks"
  [1m[36m (0.2ms)[0m  [1mCREATE TEMPORARY TABLE "auser_groups" ("id" INTEGER PRIMARY KEY AUTOINCREMENT NOT NULL, "group_id" varchar, "user_id" varchar) [0m
  [1m[35m (0.1ms)[0m  SELECT * FROM "user_groups"
  [1m[36m (0.2ms)[0m  [1mDROP TABLE "user_groups"[0m
  [1m[35m (0.2ms)[0m  CREATE TABLE "user_groups" ("id" INTEGER PRIMARY KEY AUTOINCREMENT NOT NULL, "user_id" varchar) 
  [1m[36m (0.1ms)[0m  [1mSELECT * FROM "auser_groups"[0m
  [1m[35m (0.2ms)[0m  DROP TABLE "auser_groups"
  [1m[36m (0.2ms)[0m  [1mCREATE TEMPORARY TABLE "auser_groups" ("id" INTEGER PRIMARY KEY AUTOINCREMENT NOT NULL, "user_id" varchar) [0m
  [1m[35m (0.1ms)[0m  SELECT * FROM "user_groups"
  [1m[36m (0.1ms)[0m  [1mDROP TABLE "user_groups"[0m
  [1m[35m (0.1ms)[0m  CREATE TABLE "user_groups" ("id" INTEGER PRIMARY KEY AUTOINCREMENT NOT NULL) 
  [1m[36m (0.1ms)[0m  [1mSELECT * FROM "auser_groups"[0m
  [1m[35m (0.1ms)[0m  DROP TABLE "auser_groups"
  [1m[36m (0.2ms)[0m  [1mALTER TABLE "instant_messages" ADD "user_id_sent" integer[0m
  [1m[35m (0.2ms)[0m  ALTER TABLE "instant_messages" ADD "user_id_received" integer
  [1m[36m (0.2ms)[0m  [1mALTER TABLE "instant_messages" ADD "group_id" integer[0m
  [1m[35m (0.2ms)[0m  ALTER TABLE "tasks" ADD "user_id" integer
  [1m[36m (0.2ms)[0m  [1mALTER TABLE "user_groups" ADD "group_id" integer[0m
  [1m[35m (0.2ms)[0m  ALTER TABLE "user_groups" ADD "user_id" integer
  [1m[36mSQL (0.2ms)[0m  [1mINSERT INTO "schema_migrations" ("version") VALUES (?)[0m  [["version", "20150729101359"]]
  [1m[35m (1.6ms)[0m  commit transaction
  [1m[36mActiveRecord::SchemaMigration Load (0.2ms)[0m  [1mSELECT "schema_migrations".* FROM "schema_migrations"[0m
  [1m[36m (0.1ms)[0m  [1mbegin transaction[0m
  [1m[35mSQL (0.6ms)[0m  INSERT INTO "groups" ("name", "description") VALUES (?, ?)  [["name", "teste"], ["description", "ola"]]
  [1m[36m (1.1ms)[0m  [1mcommit transaction[0m
